This file contains any messages produced by compilers while
running configure, to aid debugging if configure makes a mistake.

It was created by newlib configure 2.0.0, which was
generated by GNU Autoconf 2.68.  Invocation command line was

  $ ./configure --target=mips-elf --enable-languages=c --prefix=/opt/mips-elf target_alias=mips-elf --no-create --no-recursion

## --------- ##
## Platform. ##
## --------- ##

hostname = guoqing-ThinkPad-W520
uname -m = i686
uname -r = 3.2.0-34-generic-pae
uname -s = Linux
uname -v = #53-Ubuntu SMP Thu Nov 15 11:11:12 UTC 2012

/usr/bin/uname -p = unknown
/bin/uname -X     = unknown

/bin/arch              = unknown
/usr/bin/arch -k       = unknown
/usr/convex/getsysinfo = unknown
/usr/bin/hostinfo      = unknown
/bin/machine           = unknown
/usr/bin/oslevel       = unknown
/bin/universe          = unknown

PATH: /home/guoqing/bin
PATH: /usr/lib/lightdm/lightdm
PATH: /usr/local/sbin
PATH: /usr/local/bin
PATH: /usr/sbin
PATH: /usr/bin
PATH: /sbin
PATH: /bin
PATH: /usr/games


## ----------- ##
## Core tests. ##
## ----------- ##

configure:2359: checking build system type
configure:2373: result: i686-pc-linux-gnu
configure:2393: checking host system type
configure:2406: result: i686-pc-linux-gnu
configure:2442: checking for a BSD-compatible install
configure:2510: result: /usr/bin/install -c
configure:2521: checking whether build environment is sane
configure:2571: result: yes
configure:2712: checking for a thread-safe mkdir -p
configure:2751: result: /bin/mkdir -p
configure:2764: checking for gawk
configure:2794: result: no
configure:2764: checking for mawk
configure:2780: found /usr/bin/mawk
configure:2791: result: mawk
configure:2802: checking whether make sets $(MAKE)
configure:2824: result: yes
configure:2854: checking for style of include used by make
configure:2882: result: GNU
configure:3092: checking for gcc
configure:3108: found /usr/bin/gcc
configure:3119: result: gcc
configure:3130: checking dependency style of gcc
configure:3241: result: gcc3
configure:3314: checking whether we are using GNU C
configure:3325: gcc -E conftest.c
configure:3328: $? = 0
configure:3335: result: yes
configure:3344: checking whether gcc accepts -g
configure:3364: gcc -c -g  conftest.c >&5
configure:3364: $? = 0
configure: failed program was:
| /* confdefs.h */
| #define PACKAGE_NAME "newlib"
| #define PACKAGE_TARNAME "newlib"
| #define PACKAGE_VERSION "2.0.0"
| #define PACKAGE_STRING "newlib 2.0.0"
| #define PACKAGE_BUGREPORT ""
| #define PACKAGE_URL ""
| /* end confdefs.h.  */
| 
| int
| main ()
| {
| 
|   ;
|   return 0;
| }
configure:3379: gcc -c   conftest.c >&5
configure:3379: $? = 0
configure: failed program was:
| /* confdefs.h */
| #define PACKAGE_NAME "newlib"
| #define PACKAGE_TARNAME "newlib"
| #define PACKAGE_VERSION "2.0.0"
| #define PACKAGE_STRING "newlib 2.0.0"
| #define PACKAGE_BUGREPORT ""
| #define PACKAGE_URL ""
| /* end confdefs.h.  */
| 
| int
| main ()
| {
| 
|   ;
|   return 0;
| }
configure:3395: gcc -c -g  conftest.c >&5
configure:3395: $? = 0
configure: failed program was:
| /* confdefs.h */
| #define PACKAGE_NAME "newlib"
| #define PACKAGE_TARNAME "newlib"
| #define PACKAGE_VERSION "2.0.0"
| #define PACKAGE_STRING "newlib 2.0.0"
| #define PACKAGE_BUGREPORT ""
| #define PACKAGE_URL ""
| /* end confdefs.h.  */
| 
| int
| main ()
| {
| 
|   ;
|   return 0;
| }
configure:3405: result: no
configure:3478: checking for as
configure:3494: found /usr/bin/as
configure:3505: result: as
configure:3570: checking for ar
configure:3586: found /usr/bin/ar
configure:3597: result: ar
configure:3662: checking for ranlib
configure:3678: found /usr/bin/ranlib
configure:3689: result: ranlib
configure:3754: checking for readelf
configure:3770: found /usr/bin/readelf
configure:3781: result: readelf
configure:3810: checking whether to enable maintainer-specific portions of Makefiles
configure:3819: result: no
configure:3929: checking for a sed that does not truncate output
configure:3993: result: /bin/sed
configure:4015: checking how to print strings
configure:4042: result: printf
configure:4067: checking for gawk
configure:4094: result: mawk
configure:4755: checking for C compiler version
configure:4764: gcc --version >&5
gcc (Ubuntu/Linaro 4.6.3-1ubuntu5) 4.6.3
Copyright (C) 2011 Free Software Foundation, Inc.
This is free software; see the source for copying conditions.  There is NO
warranty; not even for MERCHANTABILITY or FITNESS FOR A PARTICULAR PURPOSE.

configure:4775: $? = 0
configure:4764: gcc -v >&5
Using built-in specs.
COLLECT_GCC=gcc
COLLECT_LTO_WRAPPER=/usr/lib/gcc/i686-linux-gnu/4.6/lto-wrapper
Target: i686-linux-gnu
Configured with: ../src/configure -v --with-pkgversion='Ubuntu/Linaro 4.6.3-1ubuntu5' --with-bugurl=file:///usr/share/doc/gcc-4.6/README.Bugs --enable-languages=c,c++,fortran,objc,obj-c++ --prefix=/usr --program-suffix=-4.6 --enable-shared --enable-linker-build-id --with-system-zlib --libexecdir=/usr/lib --without-included-gettext --enable-threads=posix --with-gxx-include-dir=/usr/include/c++/4.6 --libdir=/usr/lib --enable-nls --with-sysroot=/ --enable-clocale=gnu --enable-libstdcxx-debug --enable-libstdcxx-time=yes --enable-gnu-unique-object --enable-plugin --enable-objc-gc --enable-targets=all --disable-werror --with-arch-32=i686 --with-tune=generic --enable-checking=release --build=i686-linux-gnu --host=i686-linux-gnu --target=i686-linux-gnu
Thread model: posix
gcc version 4.6.3 (Ubuntu/Linaro 4.6.3-1ubuntu5) 
configure:4775: $? = 0
configure:4764: gcc -V >&5
gcc: error: unrecognized option '-V'
gcc: fatal error: no input files
compilation terminated.
configure:4775: $? = 4
configure:4764: gcc -qversion >&5
gcc: error: unrecognized option '-qversion'
gcc: fatal error: no input files
compilation terminated.
configure:4775: $? = 4
configure:4795: checking whether the C compiler works
configure:4817: gcc -O2   conftest.c  >&5
configure:4821: $? = 0
configure:4869: result: yes
configure:4872: checking for C compiler default output file name
configure:4874: result: a.out
configure:4880: checking for suffix of executables
configure:4887: gcc -o conftest -O2   conftest.c  >&5
configure:4891: $? = 0
configure:4913: result: 
configure:4935: checking whether we are cross compiling
configure:4943: gcc -o conftest -O2   conftest.c  >&5
configure:4947: $? = 0
configure:4954: ./conftest
configure:4958: $? = 0
configure:4973: result: no
configure:4978: checking for suffix of object files
configure:5000: gcc -c -O2  conftest.c >&5
configure:5004: $? = 0
configure:5025: result: o
configure:5029: checking whether we are using the GNU C compiler
configure:5057: result: yes
configure:5066: checking whether gcc accepts -g
configure:5127: result: no
configure:5144: checking for gcc option to accept ISO C89
configure:5208: gcc  -c -O2  conftest.c >&5
configure:5208: $? = 0
configure:5221: result: none needed
configure:5243: checking dependency style of gcc
configure:5354: result: gcc3
configure:5369: checking for grep that handles long lines and -e
configure:5427: result: /bin/grep
configure:5432: checking for egrep
configure:5494: result: /bin/grep -E
configure:5499: checking for fgrep
configure:5561: result: /bin/grep -F
configure:5596: checking for ld used by gcc
configure:5663: result: /usr/bin/ld
configure:5670: checking if the linker (/usr/bin/ld) is GNU ld
configure:5685: result: yes
configure:5697: checking for BSD- or MS-compatible name lister (nm)
configure:5746: result: /usr/bin/nm -B
configure:5876: checking the name lister (/usr/bin/nm -B) interface
configure:5883: gcc -c -O2  conftest.c >&5
configure:5886: /usr/bin/nm -B "conftest.o"
configure:5889: output
00000000 B some_variable
configure:5896: result: BSD nm
configure:5899: checking whether ln -s works
configure:5903: result: yes
configure:5911: checking the maximum length of command line arguments
configure:6036: result: 805306365
configure:6053: checking whether the shell understands some XSI constructs
configure:6063: result: yes
configure:6067: checking whether the shell understands "+="
configure:6073: result: yes
configure:6108: checking for /usr/bin/ld option to reload object files
configure:6115: result: -r
configure:6184: checking for objdump
configure:6211: result: objdump
configure:6240: checking how to recognize dependent libraries
configure:6441: result: pass_all
configure:6501: checking for ar
configure:6528: result: ar
configure:6606: checking for strip
configure:6622: found /usr/bin/strip
configure:6633: result: strip
configure:6705: checking for ranlib
configure:6732: result: ranlib
configure:6834: checking command to parse /usr/bin/nm -B output from gcc object
configure:6952: gcc -c -O2  conftest.c >&5
configure:6955: $? = 0
configure:6959: /usr/bin/nm -B conftest.o \| sed -n -e 's/^.*[ ]\([ABCDGIRSTW][ABCDGIRSTW]*\)[ ][ ]*\([_A-Za-z][_A-Za-z0-9]*\)$/\1 \2 \2/p' \> conftest.nm
configure:6962: $? = 0
configure:7016: gcc -o conftest -O2   conftest.c conftstm.o >&5
configure:7019: $? = 0
configure:7057: result: ok
configure:7903: checking how to run the C preprocessor
configure:7934: gcc -E  conftest.c
configure:7934: $? = 0
configure:7948: gcc -E  conftest.c
conftest.c:9:28: fatal error: ac_nonexistent.h: No such file or directory
compilation terminated.
configure:7948: $? = 1
configure: failed program was:
| /* confdefs.h */
| #define PACKAGE_NAME "newlib"
| #define PACKAGE_TARNAME "newlib"
| #define PACKAGE_VERSION "2.0.0"
| #define PACKAGE_STRING "newlib 2.0.0"
| #define PACKAGE_BUGREPORT ""
| #define PACKAGE_URL ""
| /* end confdefs.h.  */
| #include <ac_nonexistent.h>
configure:7973: result: gcc -E
configure:7993: gcc -E  conftest.c
configure:7993: $? = 0
configure:8007: gcc -E  conftest.c
conftest.c:9:28: fatal error: ac_nonexistent.h: No such file or directory
compilation terminated.
configure:8007: $? = 1
configure: failed program was:
| /* confdefs.h */
| #define PACKAGE_NAME "newlib"
| #define PACKAGE_TARNAME "newlib"
| #define PACKAGE_VERSION "2.0.0"
| #define PACKAGE_STRING "newlib 2.0.0"
| #define PACKAGE_BUGREPORT ""
| #define PACKAGE_URL ""
| /* end confdefs.h.  */
| #include <ac_nonexistent.h>
configure:8036: checking for ANSI C header files
configure:8056: gcc -c -O2  conftest.c >&5
configure:8056: $? = 0
configure:8129: gcc -o conftest -O2   conftest.c  >&5
configure:8129: $? = 0
configure:8129: ./conftest
configure:8129: $? = 0
configure:8140: result: yes
configure:8153: checking for sys/types.h
configure:8153: gcc -c -O2  conftest.c >&5
configure:8153: $? = 0
configure:8153: result: yes
configure:8153: checking for sys/stat.h
configure:8153: gcc -c -O2  conftest.c >&5
configure:8153: $? = 0
configure:8153: result: yes
configure:8153: checking for stdlib.h
configure:8153: gcc -c -O2  conftest.c >&5
configure:8153: $? = 0
configure:8153: result: yes
configure:8153: checking for string.h
configure:8153: gcc -c -O2  conftest.c >&5
configure:8153: $? = 0
configure:8153: result: yes
configure:8153: checking for memory.h
configure:8153: gcc -c -O2  conftest.c >&5
configure:8153: $? = 0
configure:8153: result: yes
configure:8153: checking for strings.h
configure:8153: gcc -c -O2  conftest.c >&5
configure:8153: $? = 0
configure:8153: result: yes
configure:8153: checking for inttypes.h
configure:8153: gcc -c -O2  conftest.c >&5
configure:8153: $? = 0
configure:8153: result: yes
configure:8153: checking for stdint.h
configure:8153: gcc -c -O2  conftest.c >&5
configure:8153: $? = 0
configure:8153: result: yes
configure:8153: checking for unistd.h
configure:8153: gcc -c -O2  conftest.c >&5
configure:8153: $? = 0
configure:8153: result: yes
configure:8167: checking for dlfcn.h
configure:8167: gcc -c -O2  conftest.c >&5
configure:8167: $? = 0
configure:8167: result: yes
configure:8352: checking for objdir
configure:8367: result: .libs
configure:8638: checking if gcc supports -fno-rtti -fno-exceptions
configure:8656: gcc -c -O2  -fno-rtti -fno-exceptions conftest.c >&5
cc1: warning: command line option '-fno-rtti' is valid for C++/ObjC++ but not for C [enabled by default]
configure:8660: $? = 0
configure:8673: result: no
configure:8693: checking for gcc option to produce PIC
configure:8979: result: -fPIC -DPIC
configure:8991: checking if gcc PIC flag -fPIC -DPIC works
configure:9009: gcc -c -O2  -fPIC -DPIC -DPIC conftest.c >&5
configure:9013: $? = 0
configure:9026: result: yes
configure:9050: checking if gcc static flag -static works
configure:9078: result: yes
configure:9093: checking if gcc supports -c -o file.o
configure:9114: gcc -c -O2  -o out/conftest2.o conftest.c >&5
configure:9118: $? = 0
configure:9140: result: yes
configure:9148: checking if gcc supports -c -o file.o
configure:9195: result: yes
configure:9228: checking whether the gcc linker (/usr/bin/ld) supports shared libraries
configure:10299: result: yes
configure:10336: checking whether -lc should be explicitly linked in
configure:10344: gcc -c -O2  conftest.c >&5
configure:10347: $? = 0
configure:10362: gcc -shared conftest.o  -v -Wl,-soname -Wl,conftest -o conftest 2\>\&1 \| /bin/grep  -lc  \>/dev/null 2\>\&1
configure:10365: $? = 0
configure:10379: result: no
configure:10544: checking dynamic linker characteristics
configure:10995: gcc -o conftest -O2   -Wl,-rpath -Wl,/foo conftest.c  >&5
configure:10995: $? = 0
configure:11217: result: GNU/Linux ld.so
configure:11324: checking how to hardcode library paths into programs
configure:11349: result: immediate
configure:11889: checking whether stripping libraries is possible
configure:11894: result: yes
configure:11929: checking if libtool supports shared libraries
configure:11931: result: yes
configure:11934: checking whether to build shared libraries
configure:11955: result: yes
configure:11958: checking whether to build static libraries
configure:11962: result: yes
configure:12310: checking for .preinit_array/.init_array/.fini_array support
configure:12323: gcc -O2  -c -o conftest conftest.c
							1>&5
configure:12326: $? = 0
configure:12339: result: yes
configure:12349: checking whether long double type exists
configure:12369: gcc -O2  -c -o conftest.o conftest.c
							1>&5
configure:12372: $? = 0
configure:12381: result: yes
configure:12398: checking whether long double equals double
configure:12414: gcc -O2  -c -o conftest.o conftest.c
							1>&5
conftest.c:5:4: error: #error "LDBL != DBL"
configure:12417: $? = 1
configure:12426: result: no
configure:12617: creating ./config.status

## ---------------- ##
## Cache variables. ##
## ---------------- ##

ac_cv_build=i686-pc-linux-gnu
ac_cv_c_compiler_gnu=yes
ac_cv_env_CCASFLAGS_set=
ac_cv_env_CCASFLAGS_value=
ac_cv_env_CCAS_set=
ac_cv_env_CCAS_value=
ac_cv_env_CC_set=
ac_cv_env_CC_value=
ac_cv_env_CFLAGS_set=
ac_cv_env_CFLAGS_value=
ac_cv_env_CPPFLAGS_set=
ac_cv_env_CPPFLAGS_value=
ac_cv_env_CPP_set=
ac_cv_env_CPP_value=
ac_cv_env_LDFLAGS_set=
ac_cv_env_LDFLAGS_value=
ac_cv_env_LIBS_set=
ac_cv_env_LIBS_value=
ac_cv_env_build_alias_set=
ac_cv_env_build_alias_value=
ac_cv_env_host_alias_set=
ac_cv_env_host_alias_value=
ac_cv_env_target_alias_set=set
ac_cv_env_target_alias_value=mips-elf
ac_cv_header_dlfcn_h=yes
ac_cv_header_inttypes_h=yes
ac_cv_header_memory_h=yes
ac_cv_header_stdc=yes
ac_cv_header_stdint_h=yes
ac_cv_header_stdlib_h=yes
ac_cv_header_string_h=yes
ac_cv_header_strings_h=yes
ac_cv_header_sys_stat_h=yes
ac_cv_header_sys_types_h=yes
ac_cv_header_unistd_h=yes
ac_cv_host=i686-pc-linux-gnu
ac_cv_objext=o
ac_cv_path_EGREP='/bin/grep -E'
ac_cv_path_FGREP='/bin/grep -F'
ac_cv_path_GREP=/bin/grep
ac_cv_path_SED=/bin/sed
ac_cv_path_install='/usr/bin/install -c'
ac_cv_path_mkdir=/bin/mkdir
ac_cv_prog_AWK=mawk
ac_cv_prog_CC=gcc
ac_cv_prog_CPP='gcc -E'
ac_cv_prog_ac_ct_AR=ar
ac_cv_prog_ac_ct_AS=as
ac_cv_prog_ac_ct_OBJDUMP=objdump
ac_cv_prog_ac_ct_RANLIB=ranlib
ac_cv_prog_ac_ct_READELF=readelf
ac_cv_prog_ac_ct_STRIP=strip
ac_cv_prog_cc_c89=
ac_cv_prog_cc_g=no
ac_cv_prog_make_make_set=yes
acnewlib_cv_type_long_double=yes
am_cv_CC_dependencies_compiler_type=gcc3
libc_cv_initfinit_array=yes
lt_cv_archive_cmds_need_lc=no
lt_cv_deplibs_check_method=pass_all
lt_cv_file_magic_cmd='$MAGIC_CMD'
lt_cv_file_magic_test_file=
lt_cv_ld_reload_flag=-r
lt_cv_nm_interface='BSD nm'
lt_cv_objdir=.libs
lt_cv_path_LD=/usr/bin/ld
lt_cv_path_NM='/usr/bin/nm -B'
lt_cv_prog_compiler_c_o=yes
lt_cv_prog_compiler_pic_works=yes
lt_cv_prog_compiler_rtti_exceptions=no
lt_cv_prog_compiler_static_works=yes
lt_cv_prog_gnu_ld=yes
lt_cv_shlibpath_overrides_runpath=no
lt_cv_sys_global_symbol_pipe='sed -n -e '\''s/^.*[	 ]\([ABCDGIRSTW][ABCDGIRSTW]*\)[	 ][	 ]*\([_A-Za-z][_A-Za-z0-9]*\)$/\1 \2 \2/p'\'''
lt_cv_sys_global_symbol_to_c_name_address='sed -n -e '\''s/^: \([^ ]*\) $/  {\"\1\", (void *) 0},/p'\'' -e '\''s/^[ABCDGIRSTW]* \([^ ]*\) \([^ ]*\)$/  {"\2", (void *) \&\2},/p'\'''
lt_cv_sys_global_symbol_to_c_name_address_lib_prefix='sed -n -e '\''s/^: \([^ ]*\) $/  {\"\1\", (void *) 0},/p'\'' -e '\''s/^[ABCDGIRSTW]* \([^ ]*\) \(lib[^ ]*\)$/  {"\2", (void *) \&\2},/p'\'' -e '\''s/^[ABCDGIRSTW]* \([^ ]*\) \([^ ]*\)$/  {"lib\2", (void *) \&\2},/p'\'''
lt_cv_sys_global_symbol_to_cdecl='sed -n -e '\''s/^T .* \(.*\)$/extern int \1();/p'\'' -e '\''s/^[ABCDGIRSTW]* .* \(.*\)$/extern char \1;/p'\'''
lt_cv_sys_max_cmd_len=805306365
newlib_cv_ldbl_eq_dbl=no

## ----------------- ##
## Output variables. ##
## ----------------- ##

ACLOCAL='${SHELL} /home/guoqing/workspace/src/missing --run aclocal-1.11'
AMDEPBACKSLASH='\'
AMDEP_FALSE='#'
AMDEP_TRUE=''
AMTAR='$${TAR-tar}'
AR='ar'
AS='as'
AUTOCONF='${SHELL} /home/guoqing/workspace/src/missing --run autoconf'
AUTOHEADER='${SHELL} /home/guoqing/workspace/src/missing --run autoheader'
AUTOMAKE='${SHELL} /home/guoqing/workspace/src/missing --run automake-1.11'
AWK='mawk'
CC='gcc'
CCAS='gcc'
CCASFLAGS='-O2'
CCDEPMODE='depmode=gcc3'
CC_FOR_BUILD='gcc'
CC_FOR_NEWLIB='gcc -I/home/guoqing/workspace/src/newlib/targ-include -I/home/guoqing/workspace/src/newlib/libc/include'
CFLAGS='-O2'
CPP='gcc -E'
CPPFLAGS=''
CRT0='crt0.o'
CRT0_DIR='libc/'
CRT1='crt1.o'
CRT1_DIR='libc/sys/linux/'
CYGPATH_W='echo'
DEFS='-DHAVE_CONFIG_H'
DEPDIR='.deps'
DLLTOOL='dlltool'
DSYMUTIL=''
DUMPBIN=''
ECHO_C=''
ECHO_N='-n'
ECHO_T=''
EGREP='/bin/grep -E'
ELIX_LEVEL_0_FALSE='#'
ELIX_LEVEL_0_TRUE=''
ELIX_LEVEL_1_FALSE=''
ELIX_LEVEL_1_TRUE='#'
ELIX_LEVEL_2_FALSE=''
ELIX_LEVEL_2_TRUE='#'
ELIX_LEVEL_3_FALSE=''
ELIX_LEVEL_3_TRUE='#'
ELIX_LEVEL_4_FALSE=''
ELIX_LEVEL_4_TRUE='#'
EXEEXT=''
EXTRA_DIRS='iconvdata'
FGREP='/bin/grep -F'
GREP='/bin/grep'
HAVE_DOC_FALSE='#'
HAVE_DOC_TRUE=''
HAVE_LONG_DOUBLE_FALSE='#'
HAVE_LONG_DOUBLE_TRUE=''
INSTALL_DATA='${INSTALL} -m 644'
INSTALL_PROGRAM='${INSTALL}'
INSTALL_SCRIPT='${INSTALL}'
INSTALL_STRIP_PROGRAM='$(install_sh) -c -s'
LD='/usr/bin/ld'
LDFLAGS=''
LIBM_MACHINE_OBJECTLIST='libm/machine/i386/objectlist.awk.in'
LIBOBJS=''
LIBS=''
LIBTOOL='$(SHELL) $(top_builddir)/libtool'
LIPO=''
LN_S='ln -s'
LTLIBOBJS=''
MACHINE_OBJECTLIST='libc/machine/i386/objectlist.awk.in'
MAINT='#'
MAINTAINER_MODE_FALSE=''
MAINTAINER_MODE_TRUE='#'
MAKEINFO='${SHELL} /home/guoqing/workspace/src/missing --run makeinfo'
MAY_SUPPLY_SYSCALLS_FALSE='#'
MAY_SUPPLY_SYSCALLS_TRUE=''
MKDIR_P='/bin/mkdir -p'
NEWLIB_CFLAGS=' -Wall -D_I386MACH_ALLOW_HW_INTERRUPTS -DHAVE_FCNTL -DHAVE_GETOPT -fPIC -D_I386MACH_NEED_SOTYPE_FUNCTION -DMISSING_SYSCALL_NAMES -fno-builtin'
NEWLIB_HW_FP_FALSE=''
NEWLIB_HW_FP_TRUE='#'
NM='/usr/bin/nm -B'
NMEDIT=''
NO_INCLUDE_LIST=' rpc/types.h rpc/xdr.h'
OBJDUMP='objdump'
OBJEXT='o'
OTOOL64=''
OTOOL=''
PACKAGE='newlib'
PACKAGE_BUGREPORT=''
PACKAGE_NAME='newlib'
PACKAGE_STRING='newlib 2.0.0'
PACKAGE_TARNAME='newlib'
PACKAGE_URL=''
PACKAGE_VERSION='2.0.0'
PATH_SEPARATOR=':'
POSIX_OBJECTLIST='libc/posix/objectlist.awk.in'
RANLIB='ranlib'
READELF='readelf'
SED='/bin/sed'
SET_MAKE=''
SHELL='/bin/bash'
SIGNAL_OBJECTLIST='libc/signal/objectlist.awk.in'
STDIO64_OBJECTLIST='libc/stdio64/objectlist.awk.in'
STRIP='strip'
SYSCALL_OBJECTLIST=''
SYS_MACH_OBJECTLIST='libc/sys/linux/machine/i386/objectlist.awk.in'
SYS_OBJECTLIST='libc/sys/linux/objectlist.awk.in'
UNIX_OBJECTLIST='libc/unix/objectlist.awk.in'
USE_LIBTOOL_FALSE='#'
USE_LIBTOOL_TRUE=''
VERSION='2.0.0'
ac_ct_CC=''
ac_ct_DUMPBIN=''
aext='la'
am__EXEEXT_FALSE=''
am__EXEEXT_TRUE='#'
am__fastdepCC_FALSE='#'
am__fastdepCC_TRUE=''
am__include='include'
am__isrc=''
am__leading_dot='.'
am__nodep='_no'
am__quote=''
am__tar='$${TAR-tar} chof - "$$tardir"'
am__untar='$${TAR-tar} xf -'
bindir='${exec_prefix}/bin'
build='i686-pc-linux-gnu'
build_alias=''
build_cpu='i686'
build_os='linux-gnu'
build_vendor='pc'
datadir='${datarootdir}'
datarootdir='${prefix}/share'
docdir='${datarootdir}/doc/${PACKAGE_TARNAME}'
dvidir='${docdir}'
exec_prefix='${prefix}'
host='i686-pc-linux-gnu'
host_alias=''
host_cpu='i686'
host_os='linux-gnu'
host_vendor='pc'
htmldir='${docdir}'
includedir='${prefix}/include'
infodir='${datarootdir}/info'
install_sh='${SHELL} /home/guoqing/workspace/src/install-sh'
libc_cv_initfinit_array='yes'
libdir='${exec_prefix}/lib'
libexecdir='${exec_prefix}/libexec'
libm_machine_dir='i386'
localedir='${datarootdir}/locale'
localstatedir='${prefix}/var'
lpfx=''
machine_dir='i386'
mandir='${datarootdir}/man'
mkdir_p='/bin/mkdir -p'
newlib_basedir='./.'
oext='lo'
oldincludedir='/usr/include'
pdfdir='${docdir}'
prefix='/opt/mips-elf'
program_transform_name='s,x,x,'
psdir='${docdir}'
sbindir='${exec_prefix}/sbin'
sharedstatedir='${prefix}/com'
subdirs=' libc libm doc iconvdata'
sys_dir='linux'
sysconfdir='${prefix}/etc'
target_alias='mips-elf'

## ----------- ##
## confdefs.h. ##
## ----------- ##

/* confdefs.h */
#define PACKAGE_NAME "newlib"
#define PACKAGE_TARNAME "newlib"
#define PACKAGE_VERSION "2.0.0"
#define PACKAGE_STRING "newlib 2.0.0"
#define PACKAGE_BUGREPORT ""
#define PACKAGE_URL ""
#define STDC_HEADERS 1
#define HAVE_SYS_TYPES_H 1
#define HAVE_SYS_STAT_H 1
#define HAVE_STDLIB_H 1
#define HAVE_STRING_H 1
#define HAVE_MEMORY_H 1
#define HAVE_STRINGS_H 1
#define HAVE_INTTYPES_H 1
#define HAVE_STDINT_H 1
#define HAVE_UNISTD_H 1
#define HAVE_DLFCN_H 1
#define LT_OBJDIR ".libs/"
#define _WANT_IO_C99_FORMATS 1
#define _WANT_IO_LONG_LONG 1
#define _WANT_IO_LONG_DOUBLE 1
#define _WANT_IO_POS_ARGS 1
#define _MB_CAPABLE 1
#define _MB_LEN_MAX 8
#define _NEWLIB_VERSION "2.0.0"
#define _ATEXIT_DYNAMIC_ALLOC 1
#define HAVE_INITFINI_ARRAY 1
#define _HAVE_LONG_DOUBLE 1

configure: exit 0

## ---------------------- ##
## Running config.status. ##
## ---------------------- ##

This file was extended by newlib config.status 2.0.0, which was
generated by GNU Autoconf 2.68.  Invocation command line was

  CONFIG_FILES    = 
  CONFIG_HEADERS  = 
  CONFIG_LINKS    = 
  CONFIG_COMMANDS = 
  $ ./config.status 

on guoqing-ThinkPad-W520

config.status:1149: creating Makefile
config.status:1149: creating newlib.h
config.status:1330: newlib.h is unchanged
config.status:1378: executing depfiles commands
config.status:1378: executing libtool commands
