This file contains any messages produced by compilers while
running configure, to aid debugging if configure makes a mistake.

It was created by newlib configure 2.0.0, which was
generated by GNU Autoconf 2.68.  Invocation command line was

  $ ./configure --disable-option-checking --prefix=/opt/mips-elf --target=mips-elf --enable-languages=c target_alias=mips-elf --cache-file=/dev/null --srcdir=. --no-create --no-recursion

## --------- ##
## Platform. ##
## --------- ##

hostname = guoqing-ThinkPad-W520
uname -m = i686
uname -r = 3.2.0-34-generic-pae
uname -s = Linux
uname -v = #53-Ubuntu SMP Thu Nov 15 11:11:12 UTC 2012

/usr/bin/uname -p = unknown
/bin/uname -X     = unknown

/bin/arch              = unknown
/usr/bin/arch -k       = unknown
/usr/convex/getsysinfo = unknown
/usr/bin/hostinfo      = unknown
/bin/machine           = unknown
/usr/bin/oslevel       = unknown
/bin/universe          = unknown

PATH: /home/guoqing/bin
PATH: /usr/lib/lightdm/lightdm
PATH: /usr/local/sbin
PATH: /usr/local/bin
PATH: /usr/sbin
PATH: /usr/bin
PATH: /sbin
PATH: /bin
PATH: /usr/games


## ----------- ##
## Core tests. ##
## ----------- ##

configure:2169: checking build system type
configure:2183: result: i686-pc-linux-gnu
configure:2203: checking host system type
configure:2216: result: i686-pc-linux-gnu
configure:2252: checking for a BSD-compatible install
configure:2320: result: /usr/bin/install -c
configure:2331: checking whether build environment is sane
configure:2381: result: yes
configure:2522: checking for a thread-safe mkdir -p
configure:2561: result: /bin/mkdir -p
configure:2574: checking for gawk
configure:2604: result: no
configure:2574: checking for mawk
configure:2590: found /usr/bin/mawk
configure:2601: result: mawk
configure:2612: checking whether make sets $(MAKE)
configure:2634: result: yes
configure:2664: checking for style of include used by make
configure:2692: result: GNU
configure:2902: checking for gcc
configure:2929: result: gcc -I/home/guoqing/workspace/src/newlib/targ-include -I/home/guoqing/workspace/src/newlib/libc/include
configure:2940: checking dependency style of gcc -I/home/guoqing/workspace/src/newlib/targ-include -I/home/guoqing/workspace/src/newlib/libc/include
configure:3051: result: gcc3
configure:3124: checking whether we are using GNU C
configure:3135: gcc -I/home/guoqing/workspace/src/newlib/targ-include -I/home/guoqing/workspace/src/newlib/libc/include -E conftest.c
configure:3138: $? = 0
configure:3145: result: yes
configure:3154: checking whether gcc -I/home/guoqing/workspace/src/newlib/targ-include -I/home/guoqing/workspace/src/newlib/libc/include accepts -g
configure:3174: gcc -I/home/guoqing/workspace/src/newlib/targ-include -I/home/guoqing/workspace/src/newlib/libc/include -c -g  conftest.c >&5
configure:3174: $? = 0
configure: failed program was:
| /* confdefs.h */
| #define PACKAGE_NAME "newlib"
| #define PACKAGE_TARNAME "newlib"
| #define PACKAGE_VERSION "2.0.0"
| #define PACKAGE_STRING "newlib 2.0.0"
| #define PACKAGE_BUGREPORT ""
| #define PACKAGE_URL ""
| /* end confdefs.h.  */
| 
| int
| main ()
| {
| 
|   ;
|   return 0;
| }
configure:3189: gcc -I/home/guoqing/workspace/src/newlib/targ-include -I/home/guoqing/workspace/src/newlib/libc/include -c   conftest.c >&5
configure:3189: $? = 0
configure: failed program was:
| /* confdefs.h */
| #define PACKAGE_NAME "newlib"
| #define PACKAGE_TARNAME "newlib"
| #define PACKAGE_VERSION "2.0.0"
| #define PACKAGE_STRING "newlib 2.0.0"
| #define PACKAGE_BUGREPORT ""
| #define PACKAGE_URL ""
| /* end confdefs.h.  */
| 
| int
| main ()
| {
| 
|   ;
|   return 0;
| }
configure:3205: gcc -I/home/guoqing/workspace/src/newlib/targ-include -I/home/guoqing/workspace/src/newlib/libc/include -c -g  conftest.c >&5
configure:3205: $? = 0
configure: failed program was:
| /* confdefs.h */
| #define PACKAGE_NAME "newlib"
| #define PACKAGE_TARNAME "newlib"
| #define PACKAGE_VERSION "2.0.0"
| #define PACKAGE_STRING "newlib 2.0.0"
| #define PACKAGE_BUGREPORT ""
| #define PACKAGE_URL ""
| /* end confdefs.h.  */
| 
| int
| main ()
| {
| 
|   ;
|   return 0;
| }
configure:3215: result: no
configure:3288: checking for as
configure:3315: result: as
configure:3380: checking for ar
configure:3407: result: ar
configure:3472: checking for ranlib
configure:3499: result: ranlib
configure:3564: checking for readelf
configure:3580: found /usr/bin/readelf
configure:3591: result: readelf
configure:3620: checking whether to enable maintainer-specific portions of Makefiles
configure:3629: result: no
configure:3739: checking for a sed that does not truncate output
configure:3803: result: /bin/sed
configure:3825: checking how to print strings
configure:3852: result: printf
configure:4523: checking for C compiler version
configure:4532: gcc -I/home/guoqing/workspace/src/newlib/targ-include -I/home/guoqing/workspace/src/newlib/libc/include --version >&5
gcc (Ubuntu/Linaro 4.6.3-1ubuntu5) 4.6.3
Copyright (C) 2011 Free Software Foundation, Inc.
This is free software; see the source for copying conditions.  There is NO
warranty; not even for MERCHANTABILITY or FITNESS FOR A PARTICULAR PURPOSE.

configure:4543: $? = 0
configure:4532: gcc -I/home/guoqing/workspace/src/newlib/targ-include -I/home/guoqing/workspace/src/newlib/libc/include -v >&5
Using built-in specs.
COLLECT_GCC=gcc
COLLECT_LTO_WRAPPER=/usr/lib/gcc/i686-linux-gnu/4.6/lto-wrapper
Target: i686-linux-gnu
Configured with: ../src/configure -v --with-pkgversion='Ubuntu/Linaro 4.6.3-1ubuntu5' --with-bugurl=file:///usr/share/doc/gcc-4.6/README.Bugs --enable-languages=c,c++,fortran,objc,obj-c++ --prefix=/usr --program-suffix=-4.6 --enable-shared --enable-linker-build-id --with-system-zlib --libexecdir=/usr/lib --without-included-gettext --enable-threads=posix --with-gxx-include-dir=/usr/include/c++/4.6 --libdir=/usr/lib --enable-nls --with-sysroot=/ --enable-clocale=gnu --enable-libstdcxx-debug --enable-libstdcxx-time=yes --enable-gnu-unique-object --enable-plugin --enable-objc-gc --enable-targets=all --disable-werror --with-arch-32=i686 --with-tune=generic --enable-checking=release --build=i686-linux-gnu --host=i686-linux-gnu --target=i686-linux-gnu
Thread model: posix
gcc version 4.6.3 (Ubuntu/Linaro 4.6.3-1ubuntu5) 
configure:4543: $? = 0
configure:4532: gcc -I/home/guoqing/workspace/src/newlib/targ-include -I/home/guoqing/workspace/src/newlib/libc/include -V >&5
gcc: error: unrecognized option '-V'
gcc: fatal error: no input files
compilation terminated.
configure:4543: $? = 4
configure:4532: gcc -I/home/guoqing/workspace/src/newlib/targ-include -I/home/guoqing/workspace/src/newlib/libc/include -qversion >&5
gcc: error: unrecognized option '-qversion'
gcc: fatal error: no input files
compilation terminated.
configure:4543: $? = 4
configure:4563: checking whether the C compiler works
configure:4585: gcc -I/home/guoqing/workspace/src/newlib/targ-include -I/home/guoqing/workspace/src/newlib/libc/include -O2   conftest.c  >&5
configure:4589: $? = 0
configure:4637: result: yes
configure:4640: checking for C compiler default output file name
configure:4642: result: a.out
configure:4648: checking for suffix of executables
configure:4655: gcc -I/home/guoqing/workspace/src/newlib/targ-include -I/home/guoqing/workspace/src/newlib/libc/include -o conftest -O2   conftest.c  >&5
configure:4659: $? = 0
configure:4681: result: 
configure:4703: checking whether we are cross compiling
configure:4711: gcc -I/home/guoqing/workspace/src/newlib/targ-include -I/home/guoqing/workspace/src/newlib/libc/include -o conftest -O2   conftest.c  >&5
In file included from /home/guoqing/workspace/src/newlib/libc/include/stdio.h:29:0,
                 from conftest.c:9:
/home/guoqing/workspace/src/newlib/libc/include/_ansi.h:134:19: error: missing binary operator before token "("
configure:4715: $? = 1
configure:4722: ./conftest
./configure: line 4724: ./conftest: No such file or directory
configure:4726: $? = 127
configure:4733: error: in `/home/guoqing/workspace/src/newlib/iconvdata':
configure:4735: error: cannot run C compiled programs.
If you meant to cross compile, use `--host'.
See `config.log' for more details

## ---------------- ##
## Cache variables. ##
## ---------------- ##

ac_cv_build=i686-pc-linux-gnu
ac_cv_c_compiler_gnu=yes
ac_cv_env_CCASFLAGS_set=set
ac_cv_env_CCASFLAGS_value=-O2
ac_cv_env_CCAS_set=
ac_cv_env_CCAS_value=
ac_cv_env_CC_set=set
ac_cv_env_CC_value='gcc -I/home/guoqing/workspace/src/newlib/targ-include -I/home/guoqing/workspace/src/newlib/libc/include'
ac_cv_env_CFLAGS_set=set
ac_cv_env_CFLAGS_value=-O2
ac_cv_env_CPPFLAGS_set=
ac_cv_env_CPPFLAGS_value=
ac_cv_env_CPP_set=
ac_cv_env_CPP_value=
ac_cv_env_LDFLAGS_set=set
ac_cv_env_LDFLAGS_value=
ac_cv_env_LIBS_set=
ac_cv_env_LIBS_value=
ac_cv_env_build_alias_set=
ac_cv_env_build_alias_value=
ac_cv_env_host_alias_set=
ac_cv_env_host_alias_value=
ac_cv_env_target_alias_set=set
ac_cv_env_target_alias_value=mips-elf
ac_cv_host=i686-pc-linux-gnu
ac_cv_path_SED=/bin/sed
ac_cv_path_mkdir=/bin/mkdir
ac_cv_prog_AWK=mawk
ac_cv_prog_CC='gcc -I/home/guoqing/workspace/src/newlib/targ-include -I/home/guoqing/workspace/src/newlib/libc/include'
ac_cv_prog_ac_ct_AR=ar
ac_cv_prog_ac_ct_AS=as
ac_cv_prog_ac_ct_RANLIB=ranlib
ac_cv_prog_ac_ct_READELF=readelf
ac_cv_prog_cc_g=no
ac_cv_prog_make_make_set=yes
am_cv_CC_dependencies_compiler_type=gcc3

## ----------------- ##
## Output variables. ##
## ----------------- ##

ACLOCAL='${SHELL} /home/guoqing/workspace/src/missing --run aclocal-1.11'
AMDEPBACKSLASH='\'
AMDEP_FALSE='#'
AMDEP_TRUE=''
AMTAR='$${TAR-tar}'
AR='ar'
AS='as'
AUTOCONF='${SHELL} /home/guoqing/workspace/src/missing --run autoconf'
AUTOHEADER='${SHELL} /home/guoqing/workspace/src/missing --run autoheader'
AUTOMAKE='${SHELL} /home/guoqing/workspace/src/missing --run automake-1.11'
AWK='mawk'
CC='gcc -I/home/guoqing/workspace/src/newlib/targ-include -I/home/guoqing/workspace/src/newlib/libc/include'
CCAS='gcc -I/home/guoqing/workspace/src/newlib/targ-include -I/home/guoqing/workspace/src/newlib/libc/include'
CCASFLAGS='-O2'
CCDEPMODE='depmode=gcc3'
CFLAGS='-O2'
CPP=''
CPPFLAGS=''
CYGPATH_W='echo'
DEFS=''
DEPDIR='.deps'
DLLTOOL='dlltool'
DSYMUTIL=''
DUMPBIN=''
ECHO_C=''
ECHO_N='-n'
ECHO_T=''
EGREP=''
ELIX_LEVEL_0_FALSE='#'
ELIX_LEVEL_0_TRUE=''
ELIX_LEVEL_1_FALSE=''
ELIX_LEVEL_1_TRUE='#'
ELIX_LEVEL_2_FALSE=''
ELIX_LEVEL_2_TRUE='#'
ELIX_LEVEL_3_FALSE=''
ELIX_LEVEL_3_TRUE='#'
ELIX_LEVEL_4_FALSE=''
ELIX_LEVEL_4_TRUE='#'
EXEEXT=''
FGREP=''
GREP=''
INSTALL_DATA='${INSTALL} -m 644'
INSTALL_PROGRAM='${INSTALL}'
INSTALL_SCRIPT='${INSTALL}'
INSTALL_STRIP_PROGRAM='$(install_sh) -c -s'
LD='/usr/bin/ld'
LDFLAGS=''
LIBOBJS=''
LIBS=''
LIBTOOL=''
LIPO=''
LN_S=''
LTLIBOBJS=''
MAINT='#'
MAINTAINER_MODE_FALSE=''
MAINTAINER_MODE_TRUE='#'
MAKEINFO='/bin/bash /home/guoqing/workspace/src/missing --run makeinfo '
MAY_SUPPLY_SYSCALLS_FALSE='#'
MAY_SUPPLY_SYSCALLS_TRUE=''
MKDIR_P='/bin/mkdir -p'
NEWLIB_CFLAGS=' -Wall -D_I386MACH_ALLOW_HW_INTERRUPTS -DHAVE_FCNTL -DHAVE_GETOPT -fPIC -D_I386MACH_NEED_SOTYPE_FUNCTION -DMISSING_SYSCALL_NAMES -fno-builtin'
NM='/usr/bin/nm -B'
NMEDIT=''
NO_INCLUDE_LIST=' rpc/types.h rpc/xdr.h'
OBJDUMP='objdump'
OBJEXT='lo'
OTOOL64=''
OTOOL=''
PACKAGE='newlib'
PACKAGE_BUGREPORT=''
PACKAGE_NAME='newlib'
PACKAGE_STRING='newlib 2.0.0'
PACKAGE_TARNAME='newlib'
PACKAGE_URL=''
PACKAGE_VERSION='2.0.0'
PATH_SEPARATOR=':'
RANLIB='ranlib'
READELF='readelf'
SED='/bin/sed'
SET_MAKE=''
SHELL='/bin/bash'
STRIP=''
USE_LIBTOOL_FALSE='#'
USE_LIBTOOL_TRUE=''
VERSION='2.0.0'
ac_ct_CC=''
ac_ct_DUMPBIN=''
aext='la'
am__EXEEXT_FALSE=''
am__EXEEXT_TRUE=''
am__fastdepCC_FALSE='#'
am__fastdepCC_TRUE=''
am__include='include'
am__isrc=''
am__leading_dot='.'
am__nodep='_no'
am__quote=''
am__tar='$${TAR-tar} chof - "$$tardir"'
am__untar='$${TAR-tar} xf -'
bindir='${exec_prefix}/bin'
build='i686-pc-linux-gnu'
build_alias=''
build_cpu='i686'
build_os='linux-gnu'
build_vendor='pc'
datadir='${datarootdir}'
datarootdir='${prefix}/share'
docdir='${datarootdir}/doc/${PACKAGE_TARNAME}'
dvidir='${docdir}'
exec_prefix='NONE'
host='i686-pc-linux-gnu'
host_alias=''
host_cpu='i686'
host_os='linux-gnu'
host_vendor='pc'
htmldir='${docdir}'
includedir='${prefix}/include'
infodir='${datarootdir}/info'
install_sh='${SHELL} /home/guoqing/workspace/src/install-sh'
libdir='${exec_prefix}/lib'
libexecdir='${exec_prefix}/libexec'
libm_machine_dir='i386'
localedir='${datarootdir}/locale'
localstatedir='${prefix}/var'
lpfx=''
machine_dir='i386'
mandir='${datarootdir}/man'
mkdir_p='/bin/mkdir -p'
newlib_basedir='./..'
oext='lo'
oldincludedir='/usr/include'
pdfdir='${docdir}'
prefix='/opt/mips-elf'
program_transform_name='s,x,x,'
psdir='${docdir}'
sbindir='${exec_prefix}/sbin'
sharedstatedir='${prefix}/com'
sys_dir='linux'
sysconfdir='${prefix}/etc'
target_alias='mips-elf'

## ----------- ##
## confdefs.h. ##
## ----------- ##

/* confdefs.h */
#define PACKAGE_NAME "newlib"
#define PACKAGE_TARNAME "newlib"
#define PACKAGE_VERSION "2.0.0"
#define PACKAGE_STRING "newlib 2.0.0"
#define PACKAGE_BUGREPORT ""
#define PACKAGE_URL ""

configure: exit 1
